<?xml version="1.0" encoding="UTF-8"?>
<!-- Generated by org.testng.reporters.JUnitReportReporter -->
<testsuite hostname="Testing-67" name="git_test.test_selenium" tests="1" failures="0" timestamp="13 Jun 2017 11:33:58 GMT" time="11.739" errors="0">
  <testcase name="test" time="11.739" classname="git_test.test_selenium"/>
</testsuite> <!-- git_test.test_selenium -->
